  AIHW2.cpp
c:\users\bryce chalfant\source\repos\aiprogramminghomework_brycechalfant\aiprogramminghomework_brycechalfant\aihw2.cpp(51): warning C4244: 'argument': conversion from 'time_t' to 'unsigned int', possible loss of data
c:\users\bryce chalfant\source\repos\aiprogramminghomework_brycechalfant\aiprogramminghomework_brycechalfant\aihw2.cpp(159): warning C4018: '<': signed/unsigned mismatch
c:\users\bryce chalfant\source\repos\aiprogramminghomework_brycechalfant\aiprogramminghomework_brycechalfant\aihw2.cpp(165): warning C4018: '<': signed/unsigned mismatch
c:\users\bryce chalfant\source\repos\aiprogramminghomework_brycechalfant\aiprogramminghomework_brycechalfant\aihw2.cpp(166): warning C4018: '<': signed/unsigned mismatch
c:\users\bryce chalfant\source\repos\aiprogramminghomework_brycechalfant\aiprogramminghomework_brycechalfant\aihw2.cpp(172): warning C4018: '<': signed/unsigned mismatch
c:\users\bryce chalfant\source\repos\aiprogramminghomework_brycechalfant\aiprogramminghomework_brycechalfant\aihw2.cpp(173): warning C4018: '<': signed/unsigned mismatch
c:\users\bryce chalfant\source\repos\aiprogramminghomework_brycechalfant\aiprogramminghomework_brycechalfant\aihw2.cpp(188): warning C4244: 'argument': conversion from 'time_t' to 'unsigned int', possible loss of data
c:\users\bryce chalfant\source\repos\aiprogramminghomework_brycechalfant\aiprogramminghomework_brycechalfant\aihw2.cpp(272): warning C4018: '<': signed/unsigned mismatch
c:\users\bryce chalfant\source\repos\aiprogramminghomework_brycechalfant\aiprogramminghomework_brycechalfant\aihw2.cpp(273): warning C4018: '<': signed/unsigned mismatch
c:\users\bryce chalfant\source\repos\aiprogramminghomework_brycechalfant\aiprogramminghomework_brycechalfant\aihw2.cpp(304): warning C4018: '<': signed/unsigned mismatch
c:\users\bryce chalfant\source\repos\aiprogramminghomework_brycechalfant\aiprogramminghomework_brycechalfant\aihw2.cpp(309): warning C4018: '<': signed/unsigned mismatch
c:\users\bryce chalfant\source\repos\aiprogramminghomework_brycechalfant\aiprogramminghomework_brycechalfant\aihw2.cpp(349): warning C4018: '<': signed/unsigned mismatch
c:\users\bryce chalfant\source\repos\aiprogramminghomework_brycechalfant\aiprogramminghomework_brycechalfant\aihw2.cpp(360): warning C4018: '<': signed/unsigned mismatch
c:\users\bryce chalfant\source\repos\aiprogramminghomework_brycechalfant\aiprogramminghomework_brycechalfant\aihw2.cpp(367): warning C4018: '<': signed/unsigned mismatch
c:\users\bryce chalfant\source\repos\aiprogramminghomework_brycechalfant\aiprogramminghomework_brycechalfant\aihw2.cpp(368): warning C4018: '<': signed/unsigned mismatch
c:\users\bryce chalfant\source\repos\aiprogramminghomework_brycechalfant\aiprogramminghomework_brycechalfant\aihw2.cpp(371): warning C4018: '<': signed/unsigned mismatch
c:\users\bryce chalfant\source\repos\aiprogramminghomework_brycechalfant\aiprogramminghomework_brycechalfant\aihw2.cpp(384): warning C4018: '<': signed/unsigned mismatch
c:\users\bryce chalfant\source\repos\aiprogramminghomework_brycechalfant\aiprogramminghomework_brycechalfant\aihw2.cpp(395): warning C4244: '=': conversion from '_Ty' to '_Ty', possible loss of data
          with
          [
              _Ty=double
          ]
          and
          [
              _Ty=int
          ]
c:\users\bryce chalfant\source\repos\aiprogramminghomework_brycechalfant\aiprogramminghomework_brycechalfant\aihw2.cpp(398): warning C4018: '<': signed/unsigned mismatch
c:\users\bryce chalfant\source\repos\aiprogramminghomework_brycechalfant\aiprogramminghomework_brycechalfant\aihw2.cpp(438): warning C4018: '<': signed/unsigned mismatch
c:\users\bryce chalfant\source\repos\aiprogramminghomework_brycechalfant\aiprogramminghomework_brycechalfant\aihw2.cpp(439): warning C4244: 'initializing': conversion from 'double' to 'float', possible loss of data
c:\users\bryce chalfant\source\repos\aiprogramminghomework_brycechalfant\aiprogramminghomework_brycechalfant\aihw2.cpp(450): warning C4018: '<': signed/unsigned mismatch
c:\users\bryce chalfant\source\repos\aiprogramminghomework_brycechalfant\aiprogramminghomework_brycechalfant\aihw2.cpp(458): warning C4018: '<': signed/unsigned mismatch
c:\users\bryce chalfant\source\repos\aiprogramminghomework_brycechalfant\aiprogramminghomework_brycechalfant\aihw2.cpp(465): warning C4018: '<': signed/unsigned mismatch
c:\program files (x86)\microsoft visual studio\2017\community\vc\tools\msvc\14.16.27023\include\utility(239): warning C4244: 'initializing': conversion from '_Ty' to '_Ty1', possible loss of data
          with
          [
              _Ty=int
          ]
          and
          [
              _Ty1=float
          ]
  c:\users\bryce chalfant\source\repos\aiprogramminghomework_brycechalfant\aiprogramminghomework_brycechalfant\aihw2.cpp(42): note: see reference to function template instantiation 'std::pair<float,float>::pair<int,int,0>(std::pair<int,int> &&) noexcept' being compiled
  c:\users\bryce chalfant\source\repos\aiprogramminghomework_brycechalfant\aiprogramminghomework_brycechalfant\aihw2.cpp(42): note: see reference to function template instantiation 'std::pair<float,float>::pair<int,int,0>(std::pair<int,int> &&) noexcept' being compiled
c:\program files (x86)\microsoft visual studio\2017\community\vc\tools\msvc\14.16.27023\include\utility(240): warning C4244: 'initializing': conversion from '_Ty' to '_Ty2', possible loss of data
          with
          [
              _Ty=int
          ]
          and
          [
              _Ty2=float
          ]
c:\users\bryce chalfant\source\repos\aiprogramminghomework_brycechalfant\aiprogramminghomework_brycechalfant\aihw2.cpp(354): warning C4715: 'findEmissions': not all control paths return a value
  AIProgrammingHomework_BryceChalfant.vcxproj -> C:\Users\Bryce Chalfant\source\repos\AIProgrammingHomework_BryceChalfant\Debug\AIProgrammingHomework_BryceChalfant.exe
