  Source.cpp
Source.obj : error LNK2019: unresolved external symbol __imp__glutInitWindowPosition@8 referenced in function _main
Source.obj : error LNK2019: unresolved external symbol __imp__glutInitWindowSize@8 referenced in function _main
Source.obj : error LNK2019: unresolved external symbol __imp__glutInitDisplayMode@4 referenced in function _main
Source.obj : error LNK2019: unresolved external symbol __imp__glutMainLoop@0 referenced in function _main
Source.obj : error LNK2019: unresolved external symbol __imp__glutPostRedisplay@0 referenced in function "void __cdecl specialKeyFunction(int,int,int)" (?specialKeyFunction@@YAXHHH@Z)
Source.obj : error LNK2019: unresolved external symbol __imp__glutSpecialFunc@4 referenced in function _main
Source.obj : error LNK2019: unresolved external symbol __imp__glutDisplayFunc@4 referenced in function _main
Source.obj : error LNK2019: unresolved external symbol __imp__glutSolidCube@8 referenced in function "void __cdecl display(void)" (?display@@YAXXZ)
Source.obj : error LNK2019: unresolved external symbol __imp____glutInitWithExit@12 referenced in function _glutInit_ATEXIT_HACK@8
Source.obj : error LNK2019: unresolved external symbol __imp____glutCreateWindowWithExit@8 referenced in function _glutCreateWindow_ATEXIT_HACK@4
Source.obj : error LNK2019: unresolved external symbol __imp__FreeImage_Unload@4 referenced in function "void __cdecl loadTextures(void)" (?loadTextures@@YAXXZ)
Source.obj : error LNK2019: unresolved external symbol __imp__FreeImage_Load@12 referenced in function "void __cdecl loadTextures(void)" (?loadTextures@@YAXXZ)
Source.obj : error LNK2019: unresolved external symbol __imp__FreeImage_GetFIFFromFilename@4 referenced in function "void __cdecl loadTextures(void)" (?loadTextures@@YAXXZ)
Source.obj : error LNK2019: unresolved external symbol __imp__FreeImage_GetBits@4 referenced in function "void __cdecl loadTextures(void)" (?loadTextures@@YAXXZ)
Source.obj : error LNK2019: unresolved external symbol __imp__FreeImage_GetWidth@4 referenced in function "void __cdecl loadTextures(void)" (?loadTextures@@YAXXZ)
Source.obj : error LNK2019: unresolved external symbol __imp__FreeImage_GetHeight@4 referenced in function "void __cdecl loadTextures(void)" (?loadTextures@@YAXXZ)
Source.obj : error LNK2019: unresolved external symbol __imp__FreeImage_ConvertTo24Bits@4 referenced in function "void __cdecl loadTextures(void)" (?loadTextures@@YAXXZ)
.\lib\FreeImage.lib : warning LNK4272: library machine type 'x64' conflicts with target machine type 'x86'
.\lib\freeglut.lib : warning LNK4272: library machine type 'x64' conflicts with target machine type 'x86'
.\lib\glew32.lib : warning LNK4272: library machine type 'x64' conflicts with target machine type 'x86'
.\lib\glfw3.lib : warning LNK4272: library machine type 'x64' conflicts with target machine type 'x86'
C:\Users\Bryce Chalfant\source\repos\assignment5_BryceChalfant\Debug\assignment5_BryceChalfant.exe : fatal error LNK1120: 17 unresolved externals
